2021-09-04 16:05:11,746 - pyswarms.single.global_best - INFO - Optimize for 10 iters with {'c1': 0.5, 'c2': 2, 'w': 2}
2021-09-04 16:05:33,864 - pyswarms.single.global_best - INFO - Optimize for 10 iters with {'c1': 0.5, 'c2': 2, 'w': 2}
2021-09-04 16:06:49,088 - pyswarms.single.global_best - INFO - Optimize for 10 iters with {'c1': 0.5, 'c2': 2, 'w': 2}
2021-09-04 16:07:10,354 - pyswarms.single.global_best - INFO - Optimize for 10 iters with {'c1': 0.5, 'c2': 2, 'w': 2}
2021-09-04 16:07:48,859 - pyswarms.single.global_best - INFO - Optimize for 10 iters with {'c1': 0.5, 'c2': 2, 'w': 2}
2021-09-04 16:07:53,231 - pyswarms.single.global_best - INFO - Optimization finished | best cost: 0.4524434506357303, best pos: [8.79388293e+00 1.69901799e-01 8.90932977e-01 9.59908537e-01
 4.67421809e+00 3.53782700e+01 8.84161240e+01 6.23392018e+01
 2.46652632e+01 8.70067805e-01 3.58836965e-01 6.69923580e-01
 3.45029684e-01 8.24536096e-01 6.37175618e+01 7.60297994e+00
 2.24711293e+01 3.70154421e+01 1.02843807e+03 1.44638867e-01
 7.09013941e+00 5.82547327e+00 9.26065010e-01 4.20263794e+02
 4.36294859e+02 4.71168362e-01 5.25526870e+02 9.54838636e+01
 7.11252243e-01 7.03404084e+01 5.37535657e-01 1.15830792e+02
 9.96423314e-02 8.96971233e-02 8.67201232e-01 3.55433227e-01
 2.02759878e+01 6.45728737e-01]
2021-09-04 16:08:24,887 - pyswarms.single.global_best - INFO - Optimize for 10 iters with {'c1': 0.5, 'c2': 2, 'w': 2}
2021-09-04 16:08:29,338 - pyswarms.single.global_best - INFO - Optimization finished | best cost: 0.592857368775754, best pos: [8.97895400e+00 9.90177415e-02 7.39181498e-01 5.12210544e-01
 9.58097136e+00 2.22276989e+01 1.43878663e+01 2.64242180e+01
 4.08472993e+01 8.28934591e-01 7.39439999e-02 9.20351487e-01
 4.00290485e-01 6.32906869e-01 3.28482162e+01 7.91566626e+01
 8.64777081e+01 4.08180703e+01 7.51979133e+02 6.67964252e-01
 4.04202946e+00 8.43075377e+00 2.39661411e-01 3.79970017e+02
 2.32288339e+02 1.65770273e-02 3.81692594e+02 6.20274269e+02
 9.45225420e-01 5.42241831e+01 1.33792489e-01 4.70456334e+01
 2.91392535e-01 6.87278851e-01 4.55925426e-01 8.30338061e-01
 1.04591702e+01 2.55107532e-01]
2021-09-04 16:09:18,948 - pyswarms.single.global_best - INFO - Optimize for 10 iters with {'c1': 0.5, 'c2': 2, 'w': 2}
2021-09-04 16:09:23,415 - pyswarms.single.global_best - INFO - Optimization finished | best cost: 0.6336053264547147, best pos: [2.18363812e+00 8.16272743e-01 1.56996544e-02 1.41435281e-01
 8.31671107e+00 3.68503309e+01 6.37544013e+01 7.81430606e+01
 3.07701542e+01 9.25567480e-01 3.32537058e-01 7.61251838e-01
 1.24402984e-01 8.02381125e-01 5.46599071e+01 2.23946128e+01
 4.74630127e+01 1.16755792e+00 6.40829214e+02 5.33143284e-01
 9.50066844e+00 4.78974828e-01 8.43814976e-01 5.51117871e+02
 7.64201632e+02 4.14529502e-01 3.58692580e+02 6.23194355e+02
 9.72500539e-01 2.26727917e+01 5.72979174e-02 1.71320220e+02
 9.34752650e-02 8.79677377e-01 1.43589603e-01 4.90396867e-01
 2.43556607e+01 6.89736130e-01]
2021-09-04 16:09:32,647 - pyswarms.single.global_best - INFO - Optimize for 10 iters with {'c1': 0.5, 'c2': 2, 'w': 2}
2021-09-04 16:09:37,099 - pyswarms.single.global_best - INFO - Optimization finished | best cost: 0.324556827644304, best pos: [8.52040451e+00 1.22940700e-01 6.82475829e-01 6.64823724e-01
 7.65878641e+00 2.81781042e+01 1.88914376e+01 3.51246027e+01
 2.81492749e+01 7.93674090e-01 3.19087193e-01 5.58185602e-01
 3.92464125e-01 7.76266523e-01 2.92679135e+01 6.72546670e+01
 3.87206463e+01 8.37876427e+01 7.39034665e+02 6.61363114e-01
 3.02185846e+00 2.50956458e+00 2.20581332e-01 5.83773619e+00
 6.53650013e+02 7.63012336e-02 7.31354879e+02 1.61006255e+02
 9.86056901e-01 8.96723628e+01 7.29147951e-01 1.72960696e+02
 5.79309435e-01 3.33208053e-01 2.00694490e-01 1.63186899e-01
 1.75629903e+01 6.74526488e-01]
2021-09-04 16:10:29,514 - pyswarms.single.global_best - INFO - Optimize for 100 iters with {'c1': 0.5, 'c2': 2, 'w': 2}
2021-09-04 16:19:02,999 - pyswarms.single.global_best - INFO - Optimization finished | best cost: 0.28320870364174633, best pos: [9.73242188e+00 3.56445312e-01 5.38085938e-01 5.21484375e-01
 3.75781250e+00 3.16640625e+01 5.65312500e+01 7.60703125e+01
 1.94687500e+01 8.39843750e-01 3.14565197e-01 5.88748280e-01
 2.76911063e-01 7.32748241e-01 7.73125000e+01 1.42500000e+01
 8.67932129e+01 5.27500000e+01 1.06550000e+03 7.65625000e-01
 7.03125000e-02 9.06640625e+00 7.81250000e-03 5.00500000e+02
 2.92000000e+02 6.67968750e-01 1.92000000e+02 3.97500000e+02
 9.80468750e-01 4.00000000e+01 3.18359375e-01 1.38250000e+02
 7.42187500e-01 6.75781250e-01 9.31640625e-01 8.98437500e-01
 2.59375000e+00 9.42382812e-02]
2021-09-04 16:20:58,564 - pyswarms.single.global_best - INFO - Optimize for 100 iters with {'c1': 0.5, 'c2': 2, 'w': 2}
2021-09-04 16:29:26,433 - pyswarms.single.global_best - INFO - Optimization finished | best cost: 0.3058745472573713, best pos: [4.51412303e+00 1.87165204e-01 9.50464475e-02 1.16306929e-01
 8.05537496e+00 3.82445626e+01 5.89895622e+01 8.46201548e+01
 1.12485901e+01 9.08097999e-01 2.72094028e-01 7.57233824e-01
 3.91814212e-01 8.36022067e-01 5.85244276e+00 7.62112239e+00
 6.35948355e+01 7.77132088e+01 8.86503593e+02 4.28521543e-01
 5.96901586e-01 1.52832647e+00 8.84267337e-01 4.69863705e+01
 1.51755432e-01 1.00326390e+02]
