--------------------------------------------------------------------------
WARNING: No preset parameters were found for the device that Open MPI
detected:

  Local host:            max-wn071
  Device name:           mlx5_0
  Device vendor ID:      0x02c9
  Device vendor part ID: 4123

Default device parameters will be used, which may result in lower
performance.  You can edit any of the files specified by the
btl_openib_device_param_files MCA parameter to set values for your
device.

NOTE: You can turn off this warning by setting the MCA parameter
      btl_openib_warn_no_device_params_found to 0.
--------------------------------------------------------------------------
--------------------------------------------------------------------------
WARNING: There was an error initializing an OpenFabrics device.

  Local host:   max-wn071
  Local device: mlx5_0
--------------------------------------------------------------------------
Number of CPUs assigned:  20
Number of CPUs assigned:  20
Number of CPUs assigned:  20
Number of CPUs assigned:  20
Number of CPUs assigned:  20
Number of CPUs assigned:  20
Number of CPUs assigned:  20
Number of CPUs assigned:  20
Number of CPUs assigned:  20
Number of CPUs assigned:  20
Number of CPUs assigned:  20
Number of CPUs assigned:  20
Number of CPUs assigned:  20
Number of CPUs assigned:  20
Number of CPUs assigned:  20
Number of CPUs assigned:  20
Number of CPUs assigned:  20
Number of CPUs assigned:  20
Number of CPUs assigned:  20
Number of CPUs assigned:  20
Creation of the directory batch_calibration failed
[[50, 53], [53, 56], [56, 59], [59, 62], [62, 65], [65, 68], [68, 71], [71, 74], [74, 77], [77, 80], [80, 82], [82, 84], [84, 86], [86, 88], [88, 90], [90, 92], [92, 94], [94, 96], [96, 98], [98, 100]]
Iteration 56 completed
Iteration 88 completed
Iteration 77 completed
Iteration 53 completed
Iteration 84 completed
Iteration 65 completed
Iteration 94 completed
Iteration 74 completed
Iteration 98 completed
Iteration 80 completed
Iteration 90 completed
Iteration 92 completed
Iteration 50 completed
Iteration 86 completed
Iteration 96 completed
Iteration 71 completed
Iteration 62 completed
Iteration 59 completed
Iteration 68 completed
Iteration 82 completed
Iteration 57 completed
Iteration 95 completed
Iteration 75 completed
Iteration 66 completed
Iteration 81 completed
Iteration 54 completed
Iteration 99 completed
Iteration 78 completed
Iteration 85 completed
Iteration 91 completed
Iteration 87 completed
Iteration 60 completed
Iteration 51 completed
Iteration 89 completed
Iteration 97 completed
Iteration 63 completed
Iteration 69 completed
Iteration 93 completed
Iteration 72 completed
Iteration 58 completed
Iteration 83 completed
Iteration 55 completed
Iteration 67 completed
Iteration 79 completed
Iteration 76 completed
Iteration 64 completed
Iteration 61 completed
Iteration 52 completed
Iteration 70 completed
Iteration 73 completed
